#
# There is insufficient memory for the Java Runtime Environment to continue.
# Native memory allocation (mmap) failed to map 257949696 bytes for G1 virtual space
# Possible reasons:
#   The system is out of physical RAM or swap space
#   The process is running with CompressedOops enabled, and the Java Heap may be blocking the growth of the native heap
# Possible solutions:
#   Reduce memory load on the system
#   Increase physical memory or swap space
#   Check if swap backing store is full
#   Decrease Java heap size (-Xmx/-Xms)
#   Decrease number of Java threads
#   Decrease Java thread stack sizes (-Xss)
#   Set larger code cache with -XX:ReservedCodeCacheSize=
#   JVM is running with Zero Based Compressed Oops mode in which the Java heap is
#     placed in the first 32GB address space. The Java Heap base address is the
#     maximum limit for the native heap growth. Please use -XX:HeapBaseMinAddress
#     to set the Java Heap base and to place the Java Heap above 32GB virtual address.
# This output file may be truncated or incomplete.
#
#  Out of Memory Error (os_windows.cpp:3600), pid=14776, tid=6860
#
# JRE version:  (21.0.1+12) (build )
# Java VM: OpenJDK 64-Bit Server VM (21.0.1+12-29, mixed mode, sharing, tiered, compressed oops, compressed class ptrs, g1 gc, windows-amd64)
# No core dump will be written. Minidumps are not enabled by default on client versions of Windows
#

---------------  S U M M A R Y ------------

Command Line: -javaagent:C:\Program Files\JetBrains\IntelliJ IDEA Community Edition 2023.3.2\lib\idea_rt.jar=51428:C:\Program Files\JetBrains\IntelliJ IDEA Community Edition 2023.3.2\bin -Dfile.encoding=UTF-8 -Dsun.stdout.encoding=UTF-8 -Dsun.stderr.encoding=UTF-8 org.akashkamat.string24

Host: AMD Ryzen 7 4800H with Radeon Graphics         , 16 cores, 15G,  Windows 11 , 64 bit Build 22621 (10.0.22621.2506)
Time: Wed Jan 17 11:11:53 2024 India Standard Time elapsed time: 0.018949 seconds (0d 0h 0m 0s)

---------------  T H R E A D  ---------------

Current thread (0x000001650abe0a10):  JavaThread "Unknown thread" [_thread_in_vm, id=6860, stack(0x0000003295300000,0x0000003295400000) (1024K)]

Stack: [0x0000003295300000,0x0000003295400000]
Native frames: (J=compiled Java code, j=interpreted, Vv=VM code, C=native code)
V  [jvm.dll+0x6c9029]
V  [jvm.dll+0x854b81]
V  [jvm.dll+0x856e5e]
V  [jvm.dll+0x857543]
V  [jvm.dll+0x280c06]
V  [jvm.dll+0x6c5715]
V  [jvm.dll+0x6ba10a]
V  [jvm.dll+0x3557ea]
V  [jvm.dll+0x35d436]
V  [jvm.dll+0x3ae1be]
V  [jvm.dll+0x3ae468]
V  [jvm.dll+0x3291fc]
V  [jvm.dll+0x329d8b]
V  [jvm.dll+0x81d179]
V  [jvm.dll+0x3bb4f1]
V  [jvm.dll+0x805ae8]
V  [jvm.dll+0x44effe]
V  [jvm.dll+0x450901]
C  [jli.dll+0x52a3]
C  [ucrtbase.dll+0x29363]
C  [KERNEL32.DLL+0x1257d]
C  [ntdll.dll+0x5aa58]


---------------  P R O C E S S  ---------------

Threads class SMR info:
_java_thread_list=0x00007ffc90d29b88, length=0, elements={
}

Java Threads: ( => current thread )
Total: 0

Other Threads:
  0x000001650cf0a330 WorkerThread "GC Thread#0"                     [id=9608, stack(0x0000003295400000,0x0000003295500000) (1024K)]
  0x000001650cf1a260 ConcurrentGCThread "G1 Main Marker"            [id=7424, stack(0x0000003295500000,0x0000003295600000) (1024K)]
  0x000001650acab660 WorkerThread "G1 Conc#0"                       [id=5312, stack(0x0000003295600000,0x0000003295700000) (1024K)]

[error occurred during error reporting (printing all threads), id 0xc0000005, EXCEPTION_ACCESS_VIOLATION (0xc0000005) at pc=0x00007ffc9049c2c7]
VM state: not at safepoint (not fully initialized)

VM Mutex/Monitor currently owned by a thread:  ([mutex/lock_event])
[0x00007ffc90d9a6f8] Heap_lock - owner thread: 0x000001650abe0a10

Heap address: 0x000000070a200000, size: 3934 MB, Compressed Oops mode: Zero based, Oop shift amount: 3

CDS archive(s) mapped at: [0x0000000000000000-0x0000000000000000-0x0000000000000000), size 0, SharedBaseAddress: 0x0000000800000000, ArchiveRelocationMode: 1.
Narrow klass base: 0x0000000000000000, Narrow klass shift: 0, Narrow klass range: 0x0

GC Precious Log:
 CardTable entry size: 512
 Card Set container configuration: InlinePtr #cards 4 size 8 Array Of Cards #cards 16 size 48 Howl #buckets 8 coarsen threshold 3686 Howl Bitmap #cards 512 size 80 coarsen threshold 460 Card regions per heap region 1 cards per card region 4096

Heap:
 garbage-first heap   total 0K, used 0K [0x000000070a200000, 0x0000000800000000)
  region size 2048K, 0 young (0K), 0 survivors (0K)

[error occurred during error reporting (printing heap information), id 0xc0000005, EXCEPTION_ACCESS_VIOLATION (0xc0000005) at pc=0x00007ffc90881be9]
GC Heap History (0 events):
No events

Dll operation events (1 events):
Event: 0.007 Loaded shared library C:\Users\kamat\.jdks\openjdk-21.0.1\bin\java.dll

Deoptimization events (0 events):
No events

Classes loaded (0 events):
No events

Classes unloaded (0 events):
No events

Classes redefined (0 events):
No events

Internal exceptions (0 events):
No events

ZGC Phase Switch (0 events):
No events

VM Operations (0 events):
No events

Events (0 events):
No events


Dynamic libraries:
0x00007ff6af710000 - 0x00007ff6af71e000 	C:\Users\kamat\.jdks\openjdk-21.0.1\bin\java.exe
0x00007ffcda870000 - 0x00007ffcdaa87000 	C:\WINDOWS\SYSTEM32\ntdll.dll
0x00007ffcd8bf0000 - 0x00007ffcd8cb4000 	C:\WINDOWS\System32\KERNEL32.DLL
0x00007ffcd7fb0000 - 0x00007ffcd8355000 	C:\WINDOWS\System32\KERNELBASE.dll
0x00007ffcd7be0000 - 0x00007ffcd7cf1000 	C:\WINDOWS\System32\ucrtbase.dll
0x00007ffcceb00000 - 0x00007ffcceb18000 	C:\Users\kamat\.jdks\openjdk-21.0.1\bin\jli.dll
0x00007ffccec50000 - 0x00007ffccec6b000 	C:\Users\kamat\.jdks\openjdk-21.0.1\bin\VCRUNTIME140.dll
0x00007ffcd9d90000 - 0x00007ffcd9f3e000 	C:\WINDOWS\System32\USER32.dll
0x00007ffcd7e10000 - 0x00007ffcd7e36000 	C:\WINDOWS\System32\win32u.dll
0x00007ffcc0740000 - 0x00007ffcc09d3000 	C:\WINDOWS\WinSxS\amd64_microsoft.windows.common-controls_6595b64144ccf1df_6.0.22621.2506_none_270c5ae97388e100\COMCTL32.dll
0x00007ffcd9ca0000 - 0x00007ffcd9cc9000 	C:\WINDOWS\System32\GDI32.dll
0x00007ffcd8a70000 - 0x00007ffcd8b17000 	C:\WINDOWS\System32\msvcrt.dll
0x00007ffcd83e0000 - 0x00007ffcd84f9000 	C:\WINDOWS\System32\gdi32full.dll
0x00007ffcd7d70000 - 0x00007ffcd7e0a000 	C:\WINDOWS\System32\msvcp_win.dll
0x00007ffcd90a0000 - 0x00007ffcd90d1000 	C:\WINDOWS\System32\IMM32.DLL
0x00007ffcd5190000 - 0x00007ffcd519c000 	C:\Users\kamat\.jdks\openjdk-21.0.1\bin\vcruntime140_1.dll
0x00007ffcc39a0000 - 0x00007ffcc3a2e000 	C:\Users\kamat\.jdks\openjdk-21.0.1\bin\msvcp140.dll
0x00007ffc90160000 - 0x00007ffc90e75000 	C:\Users\kamat\.jdks\openjdk-21.0.1\bin\server\jvm.dll
0x00007ffcd9cd0000 - 0x00007ffcd9d81000 	C:\WINDOWS\System32\ADVAPI32.dll
0x00007ffcd9f50000 - 0x00007ffcd9ff6000 	C:\WINDOWS\System32\sechost.dll
0x00007ffcd9940000 - 0x00007ffcd9a57000 	C:\WINDOWS\System32\RPCRT4.dll
0x00007ffcd9a60000 - 0x00007ffcd9ad1000 	C:\WINDOWS\System32\WS2_32.dll
0x00007ffcd6a30000 - 0x00007ffcd6a7d000 	C:\WINDOWS\SYSTEM32\POWRPROF.dll
0x00007ffcd1580000 - 0x00007ffcd15b4000 	C:\WINDOWS\SYSTEM32\WINMM.dll
0x00007ffcd4f70000 - 0x00007ffcd4f7a000 	C:\WINDOWS\SYSTEM32\VERSION.dll
0x00007ffcd6a10000 - 0x00007ffcd6a23000 	C:\WINDOWS\SYSTEM32\UMPDC.dll
0x00007ffcd6c70000 - 0x00007ffcd6c88000 	C:\WINDOWS\SYSTEM32\kernel.appcore.dll
0x00007ffccf430000 - 0x00007ffccf43a000 	C:\Users\kamat\.jdks\openjdk-21.0.1\bin\jimage.dll
0x00007ffccf050000 - 0x00007ffccf283000 	C:\WINDOWS\SYSTEM32\DBGHELP.DLL
0x00007ffcd8d10000 - 0x00007ffcd9099000 	C:\WINDOWS\System32\combase.dll
0x00007ffcd8730000 - 0x00007ffcd8807000 	C:\WINDOWS\System32\OLEAUT32.dll
0x00007ffccf010000 - 0x00007ffccf042000 	C:\WINDOWS\SYSTEM32\dbgcore.DLL
0x00007ffcd8360000 - 0x00007ffcd83da000 	C:\WINDOWS\System32\bcryptPrimitives.dll
0x00007ffccefe0000 - 0x00007ffccefef000 	C:\Users\kamat\.jdks\openjdk-21.0.1\bin\instrument.dll
0x00007ffcceae0000 - 0x00007ffcceaff000 	C:\Users\kamat\.jdks\openjdk-21.0.1\bin\java.dll

dbghelp: loaded successfully - version: 4.0.5 - missing functions: none
symbol engine: initialized successfully - sym options: 0x614 - pdb path: .;C:\Users\kamat\.jdks\openjdk-21.0.1\bin;C:\WINDOWS\SYSTEM32;C:\WINDOWS\WinSxS\amd64_microsoft.windows.common-controls_6595b64144ccf1df_6.0.22621.2506_none_270c5ae97388e100;C:\Users\kamat\.jdks\openjdk-21.0.1\bin\server

VM Arguments:
jvm_args: -javaagent:C:\Program Files\JetBrains\IntelliJ IDEA Community Edition 2023.3.2\lib\idea_rt.jar=51428:C:\Program Files\JetBrains\IntelliJ IDEA Community Edition 2023.3.2\bin -Dfile.encoding=UTF-8 -Dsun.stdout.encoding=UTF-8 -Dsun.stderr.encoding=UTF-8 
java_command: org.akashkamat.string24
java_class_path (initial): D:\Desktop\StrivertcsnqtSheet\target\classes
Launcher Type: SUN_STANDARD

[Global flags]
     intx CICompilerCount                          = 12                                        {product} {ergonomic}
     uint ConcGCThreads                            = 3                                         {product} {ergonomic}
     uint G1ConcRefinementThreads                  = 13                                        {product} {ergonomic}
   size_t G1HeapRegionSize                         = 2097152                                   {product} {ergonomic}
    uintx GCDrainStackTargetSize                   = 64                                        {product} {ergonomic}
   size_t InitialHeapSize                          = 257949696                                 {product} {ergonomic}
   size_t MarkStackSize                            = 4194304                                   {product} {ergonomic}
   size_t MaxHeapSize                              = 4125097984                                {product} {ergonomic}
   size_t MinHeapDeltaBytes                        = 2097152                                   {product} {ergonomic}
   size_t MinHeapSize                              = 8388608                                   {product} {ergonomic}
    uintx NonNMethodCodeHeapSize                   = 7602480                                {pd product} {ergonomic}
    uintx NonProfiledCodeHeapSize                  = 122027880                              {pd product} {ergonomic}
    uintx ProfiledCodeHeapSize                     = 122027880                              {pd product} {ergonomic}
    uintx ReservedCodeCacheSize                    = 251658240                              {pd product} {ergonomic}
     bool SegmentedCodeCache                       = true                                      {product} {ergonomic}
   size_t SoftMaxHeapSize                          = 4125097984                             {manageable} {ergonomic}
     bool UseCompressedOops                        = true                           {product lp64_product} {ergonomic}
     bool UseG1GC                                  = true                                      {product} {ergonomic}
     bool UseLargePagesIndividualAllocation        = false                                  {pd product} {ergonomic}

Logging:
Log output configuration:
 #0: stdout all=warning uptime,level,tags foldmultilines=false
 #1: stderr all=off uptime,level,tags foldmultilines=false

Environment Variables:
JAVA_HOME=C:\Program Files\Java\jdk-17.0.1
PATH=C:\Program Files\Common Files\Oracle\Java\javapath;C:\windows\system32;C:\windows;C:\windows\System32\Wbem;C:\windows\System32\WindowsPowerShell\v1.0\;C:\windows\System32\OpenSSH\;C:\Program Files (x86)\NVIDIA Corporation\PhysX\Common;C:\Program Files\NVIDIA Corporation\NVIDIA NvDLISR;C:\MinGW\bin;C:\Program Files\Java\jdk-17.0.1\bin;C:\WINDOWS\system32;C:\WINDOWS;C:\WINDOWS\System32\Wbem;C:\WINDOWS\System32\WindowsPowerShell\v1.0\;C:\WINDOWS\System32\OpenSSH\;C:\Program Files (x86)\Microchip\MPLAB C32 Suite\bin;C:\Program Files\Microchip\xc8\v2.36\bin;C:\Program Files\nodejs\;C:\Program Files\Git\cmd;C:\maven\apache-maven-3.9.6\bin;C:\Users\kamat\AppData\Local\Programs\Python\Python310\Scripts\;C:\Users\kamat\AppData\Local\Programs\Python\Python310\;C:\Program Files (x86)\Microchip\mplabc18\v3.47\mpasm;C:\Program Files (x86)\Microchip\mplabc18\v3.47\bin;C:\Users\kamat\AppData\Local\Microsoft\WindowsApps;C:\Users\kamat\AppData\Local\Programs\Microsoft VS Code\bin;C:\Program Files\JetBrains\IntelliJ IDEA Community Edition 2021.3.1\bin;C:\Users\kamat\AppData\Roaming\npm;C:\Program Files\JetBrains\IntelliJ IDEA Community Edition 2023.3.2\bin;;C:\Users\kamat\AppData\Local\Microsoft\WindowsApps;
USERNAME=kamat
OS=Windows_NT
PROCESSOR_IDENTIFIER=AMD64 Family 23 Model 96 Stepping 1, AuthenticAMD
TMP=C:\Users\kamat\AppData\Local\Temp
TEMP=C:\Users\kamat\AppData\Local\Temp




Periodic native trim disabled

---------------  S Y S T E M  ---------------

OS:
 Windows 11 , 64 bit Build 22621 (10.0.22621.2506)
OS uptime: 0 days 2:05 hours

CPU: total 16 (initial active 16) (16 cores per cpu, 2 threads per core) family 23 model 96 stepping 1 microcode 0x0, cx8, cmov, fxsr, ht, mmx, 3dnowpref, sse, sse2, sse3, ssse3, sse4a, sse4.1, sse4.2, popcnt, lzcnt, tsc, tscinvbit, avx, avx2, aes, clmul, bmi1, bmi2, adx, sha, fma, vzeroupper, clflush, clflushopt, rdtscp, rdpid, f16c
Processor Information for all 16 processors :
  Max Mhz: 2900, Current Mhz: 2900, Mhz Limit: 2900

Memory: 4k page, system-wide physical 15732M (7958M free)
TotalPageFile size 21732M (AvailPageFile size 46M)
current process WorkingSet (physical memory assigned to process): 11M, peak: 11M
current process commit charge ("private bytes"): 70M, peak: 316M

vm_info: OpenJDK 64-Bit Server VM (21.0.1+12-29) for windows-amd64 JRE (21.0.1+12-29), built on 2023-10-05T13:27:09Z by "mach5one" with MS VC++ 17.1 (VS2022)

END.
