#
# There is insufficient memory for the Java Runtime Environment to continue.
# Native memory allocation (mmap) failed to map 88080384 bytes for G1 virtual space
# Possible reasons:
#   The system is out of physical RAM or swap space
#   The process is running with CompressedOops enabled, and the Java Heap may be blocking the growth of the native heap
# Possible solutions:
#   Reduce memory load on the system
#   Increase physical memory or swap space
#   Check if swap backing store is full
#   Decrease Java heap size (-Xmx/-Xms)
#   Decrease number of Java threads
#   Decrease Java thread stack sizes (-Xss)
#   Set larger code cache with -XX:ReservedCodeCacheSize=
#   JVM is running with Zero Based Compressed Oops mode in which the Java heap is
#     placed in the first 32GB address space. The Java Heap base address is the
#     maximum limit for the native heap growth. Please use -XX:HeapBaseMinAddress
#     to set the Java Heap base and to place the Java Heap above 32GB virtual address.
# This output file may be truncated or incomplete.
#
#  Out of Memory Error (os_windows.cpp:3600), pid=4752, tid=12632
#
# JRE version: OpenJDK Runtime Environment (21.0.1+12) (build 21.0.1+12-29)
# Java VM: OpenJDK 64-Bit Server VM (21.0.1+12-29, mixed mode, sharing, tiered, compressed oops, compressed class ptrs, g1 gc, windows-amd64)
# No core dump will be written. Minidumps are not enabled by default on client versions of Windows
#

---------------  S U M M A R Y ------------

Command Line: -javaagent:C:\Program Files\JetBrains\IntelliJ IDEA Community Edition 2023.3.2\lib\idea_rt.jar=51421:C:\Program Files\JetBrains\IntelliJ IDEA Community Edition 2023.3.2\bin -Dfile.encoding=UTF-8 -Dsun.stdout.encoding=UTF-8 -Dsun.stderr.encoding=UTF-8 org.akashkamat.string24

Host: AMD Ryzen 7 4800H with Radeon Graphics         , 16 cores, 15G,  Windows 11 , 64 bit Build 22621 (10.0.22621.2506)
Time: Wed Jan 17 11:10:27 2024 India Standard Time elapsed time: 0.727635 seconds (0d 0h 0m 0s)

---------------  T H R E A D  ---------------

Current thread (0x0000016aafacd9b0):  VMThread "VM Thread"          [id=12632, stack(0x0000001d1f000000,0x0000001d1f100000) (1024K)]

Stack: [0x0000001d1f000000,0x0000001d1f100000]
Native frames: (J=compiled Java code, j=interpreted, Vv=VM code, C=native code)
V  [jvm.dll+0x6c9029]
V  [jvm.dll+0x854b81]
V  [jvm.dll+0x856e5e]
V  [jvm.dll+0x857543]
V  [jvm.dll+0x280c06]
V  [jvm.dll+0x6c5715]
V  [jvm.dll+0x6ba10a]
V  [jvm.dll+0x3557ea]
V  [jvm.dll+0x35d436]
V  [jvm.dll+0x3ae1be]
V  [jvm.dll+0x3ae468]
V  [jvm.dll+0x3291fc]
V  [jvm.dll+0x329287]
V  [jvm.dll+0x36db3c]
V  [jvm.dll+0x36c33d]
V  [jvm.dll+0x328971]
V  [jvm.dll+0x36ba4a]
V  [jvm.dll+0x85d048]
V  [jvm.dll+0x85e144]
V  [jvm.dll+0x85e680]
V  [jvm.dll+0x85e923]
V  [jvm.dll+0x7fd728]
V  [jvm.dll+0x6c777d]
C  [ucrtbase.dll+0x29363]
C  [KERNEL32.DLL+0x1257d]
C  [ntdll.dll+0x5aa58]

VM_Operation (0x0000001d1e9fefb0): G1CollectForAllocation, mode: safepoint, requested by thread 0x0000016a8df20280


---------------  P R O C E S S  ---------------

Threads class SMR info:
_java_thread_list=0x0000016af5134660, length=13, elements={
0x0000016a8df20280, 0x0000016aafae9d70, 0x0000016aafaeaa90, 0x0000016aafaed080,
0x0000016aafaedd40, 0x0000016aafaf0d30, 0x0000016aafaf34f0, 0x0000016aafaff7b0,
0x0000016aafb05d20, 0x0000016af50a11a0, 0x0000016aafaf2e60, 0x0000016aafaf55c0,
0x0000016aafaf48a0
}

Java Threads: ( => current thread )
  0x0000016a8df20280 JavaThread "main"                              [_thread_blocked, id=3508, stack(0x0000001d1e900000,0x0000001d1ea00000) (1024K)]
  0x0000016aafae9d70 JavaThread "Reference Handler"          daemon [_thread_blocked, id=14972, stack(0x0000001d1f100000,0x0000001d1f200000) (1024K)]
  0x0000016aafaeaa90 JavaThread "Finalizer"                  daemon [_thread_blocked, id=9236, stack(0x0000001d1f200000,0x0000001d1f300000) (1024K)]
  0x0000016aafaed080 JavaThread "Signal Dispatcher"          daemon [_thread_blocked, id=4588, stack(0x0000001d1f300000,0x0000001d1f400000) (1024K)]
  0x0000016aafaedd40 JavaThread "Attach Listener"            daemon [_thread_blocked, id=12716, stack(0x0000001d1f400000,0x0000001d1f500000) (1024K)]
  0x0000016aafaf0d30 JavaThread "Service Thread"             daemon [_thread_blocked, id=8340, stack(0x0000001d1f500000,0x0000001d1f600000) (1024K)]
  0x0000016aafaf34f0 JavaThread "Monitor Deflation Thread"   daemon [_thread_blocked, id=10016, stack(0x0000001d1f600000,0x0000001d1f700000) (1024K)]
  0x0000016aafaff7b0 JavaThread "C2 CompilerThread0"         daemon [_thread_blocked, id=9064, stack(0x0000001d1f700000,0x0000001d1f800000) (1024K)]
  0x0000016aafb05d20 JavaThread "C1 CompilerThread0"         daemon [_thread_blocked, id=13784, stack(0x0000001d1f800000,0x0000001d1f900000) (1024K)]
  0x0000016af50a11a0 JavaThread "C1 CompilerThread1"         daemon [_thread_blocked, id=7964, stack(0x0000001d1f900000,0x0000001d1fa00000) (1024K)]
  0x0000016aafaf2e60 JavaThread "Common-Cleaner"             daemon [_thread_blocked, id=7816, stack(0x0000001d1fa00000,0x0000001d1fb00000) (1024K)]
  0x0000016aafaf55c0 JavaThread "Monitor Ctrl-Break"         daemon [_thread_in_native, id=7388, stack(0x0000001d1fb00000,0x0000001d1fc00000) (1024K)]
  0x0000016aafaf48a0 JavaThread "Notification Thread"        daemon [_thread_blocked, id=16568, stack(0x0000001d1fc00000,0x0000001d1fd00000) (1024K)]
Total: 13

Other Threads:
=>0x0000016aafacd9b0 VMThread "VM Thread"                           [id=12632, stack(0x0000001d1f000000,0x0000001d1f100000) (1024K)]
  0x0000016aafab2900 WatcherThread "VM Periodic Task Thread"        [id=10296, stack(0x0000001d1ef00000,0x0000001d1f000000) (1024K)]
  0x0000016a90204bc0 WorkerThread "GC Thread#0"                     [id=2332, stack(0x0000001d1ea00000,0x0000001d1eb00000) (1024K)]
  0x0000016af51ecfd0 WorkerThread "GC Thread#1"                     [id=6328, stack(0x0000001d1fd00000,0x0000001d1fe00000) (1024K)]
  0x0000016af51ed370 WorkerThread "GC Thread#2"                     [id=2256, stack(0x0000001d1fe00000,0x0000001d1ff00000) (1024K)]
  0x0000016af51ed710 WorkerThread "GC Thread#3"                     [id=1856, stack(0x0000001d1ff00000,0x0000001d20000000) (1024K)]
  0x0000016af52614d0 WorkerThread "GC Thread#4"                     [id=6320, stack(0x0000001d20000000,0x0000001d20100000) (1024K)]
  0x0000016af52aa000 WorkerThread "GC Thread#5"                     [id=9836, stack(0x0000001d20100000,0x0000001d20200000) (1024K)]
  0x0000016af52b3590 WorkerThread "GC Thread#6"                     [id=14756, stack(0x0000001d20200000,0x0000001d20300000) (1024K)]
  0x0000016af52a44f0 WorkerThread "GC Thread#7"                     [id=14916, stack(0x0000001d20300000,0x0000001d20400000) (1024K)]
  0x0000016af52e6270 WorkerThread "GC Thread#8"                     [id=6940, stack(0x0000001d20400000,0x0000001d20500000) (1024K)]
  0x0000016af52e95e0 WorkerThread "GC Thread#9"                     [id=14088, stack(0x0000001d20500000,0x0000001d20600000) (1024K)]
  0x0000016a90216180 ConcurrentGCThread "G1 Main Marker"            [id=5308, stack(0x0000001d1eb00000,0x0000001d1ec00000) (1024K)]
  0x0000016a90216e30 WorkerThread "G1 Conc#0"                       [id=11908, stack(0x0000001d1ec00000,0x0000001d1ed00000) (1024K)]
  0x0000016aaf9869e0 ConcurrentGCThread "G1 Refine#0"               [id=6704, stack(0x0000001d1ed00000,0x0000001d1ee00000) (1024K)]
  0x0000016aaf987550 ConcurrentGCThread "G1 Service"                [id=17200, stack(0x0000001d1ee00000,0x0000001d1ef00000) (1024K)]
Total: 16

Threads with active compile tasks:
Total: 0

VM state: at safepoint (normal execution)

VM Mutex/Monitor currently owned by a thread:  ([mutex/lock_event])
[0x00007ffc90d9a5f8] Threads_lock - owner thread: 0x0000016aafacd9b0
[0x00007ffc90d9a6f8] Heap_lock - owner thread: 0x0000016a8df20280

Heap address: 0x000000070a200000, size: 3934 MB, Compressed Oops mode: Zero based, Oop shift amount: 3

CDS archive(s) mapped at: [0x0000016ab0000000-0x0000016ab0c90000-0x0000016ab0c90000), size 13172736, SharedBaseAddress: 0x0000016ab0000000, ArchiveRelocationMode: 1.
Compressed class space mapped at: 0x0000016ab1000000-0x0000016af1000000, reserved size: 1073741824
Narrow klass base: 0x0000016ab0000000, Narrow klass shift: 0, Narrow klass range: 0x100000000

GC Precious Log:
 CardTable entry size: 512
 Card Set container configuration: InlinePtr #cards 4 size 8 Array Of Cards #cards 16 size 48 Howl #buckets 8 coarsen threshold 3686 Howl Bitmap #cards 512 size 80 coarsen threshold 460 Card regions per heap region 1 cards per card region 4096
 CPUs: 16 total, 16 available
 Memory: 15732M
 Large Page Support: Disabled
 NUMA Support: Disabled
 Compressed Oops: Enabled (Zero based)
 Heap Region Size: 2M
 Heap Min Capacity: 8M
 Heap Initial Capacity: 246M
 Heap Max Capacity: 3934M
 Pre-touch: Disabled
 Parallel Workers: 13
 Concurrent Workers: 3
 Concurrent Refinement Workers: 13
 Periodic GC: Disabled

Heap:
 garbage-first heap   total 425984K, used 834K [0x000000070a200000, 0x0000000800000000)
  region size 2048K, 1 young (2048K), 1 survivors (2048K)
 Metaspace       used 769K, committed 896K, reserved 1114112K
  class space    used 61K, committed 128K, reserved 1048576K

Heap Regions: E=young(eden), S=young(survivor), O=old, HS=humongous(starts), HC=humongous(continues), CS=collection set, F=free, TAMS=top-at-mark-start, PB=parsable bottom
|   0|0x000000070a200000, 0x000000070a200000, 0x000000070a400000|  0%| F|  |TAMS 0x000000070a200000| PB 0x000000070a200000| Untracked 
|   1|0x000000070a400000, 0x000000070a400000, 0x000000070a600000|  0%| F|  |TAMS 0x000000070a400000| PB 0x000000070a400000| Untracked 
|   2|0x000000070a600000, 0x000000070a600000, 0x000000070a800000|  0%| F|  |TAMS 0x000000070a600000| PB 0x000000070a600000| Untracked 
|   3|0x000000070a800000, 0x000000070a800000, 0x000000070aa00000|  0%| F|  |TAMS 0x000000070a800000| PB 0x000000070a800000| Untracked 
|   4|0x000000070aa00000, 0x000000070aa00000, 0x000000070ac00000|  0%| F|  |TAMS 0x000000070aa00000| PB 0x000000070aa00000| Untracked 
|   5|0x000000070ac00000, 0x000000070ac00000, 0x000000070ae00000|  0%| F|  |TAMS 0x000000070ac00000| PB 0x000000070ac00000| Untracked 
|   6|0x000000070ae00000, 0x000000070ae00000, 0x000000070b000000|  0%| F|  |TAMS 0x000000070ae00000| PB 0x000000070ae00000| Untracked 
|   7|0x000000070b000000, 0x000000070b000000, 0x000000070b200000|  0%| F|  |TAMS 0x000000070b000000| PB 0x000000070b000000| Untracked 
|   8|0x000000070b200000, 0x000000070b200000, 0x000000070b400000|  0%| F|  |TAMS 0x000000070b200000| PB 0x000000070b200000| Untracked 
|   9|0x000000070b400000, 0x000000070b400000, 0x000000070b600000|  0%| F|  |TAMS 0x000000070b400000| PB 0x000000070b400000| Untracked 
|  10|0x000000070b600000, 0x000000070b600000, 0x000000070b800000|  0%| F|  |TAMS 0x000000070b600000| PB 0x000000070b600000| Untracked 
|  11|0x000000070b800000, 0x000000070b800000, 0x000000070ba00000|  0%| F|  |TAMS 0x000000070b800000| PB 0x000000070b800000| Untracked 
|  12|0x000000070ba00000, 0x000000070ba00000, 0x000000070bc00000|  0%| F|  |TAMS 0x000000070ba00000| PB 0x000000070ba00000| Untracked 
|  13|0x000000070bc00000, 0x000000070bc00000, 0x000000070be00000|  0%| F|  |TAMS 0x000000070bc00000| PB 0x000000070bc00000| Untracked 
|  14|0x000000070be00000, 0x000000070be00000, 0x000000070c000000|  0%| F|  |TAMS 0x000000070be00000| PB 0x000000070be00000| Untracked 
|  15|0x000000070c000000, 0x000000070c000000, 0x000000070c200000|  0%| F|  |TAMS 0x000000070c000000| PB 0x000000070c000000| Untracked 
|  16|0x000000070c200000, 0x000000070c200000, 0x000000070c400000|  0%| F|  |TAMS 0x000000070c200000| PB 0x000000070c200000| Untracked 
|  17|0x000000070c400000, 0x000000070c400000, 0x000000070c600000|  0%| F|  |TAMS 0x000000070c400000| PB 0x000000070c400000| Untracked 
|  18|0x000000070c600000, 0x000000070c600000, 0x000000070c800000|  0%| F|  |TAMS 0x000000070c600000| PB 0x000000070c600000| Untracked 
|  19|0x000000070c800000, 0x000000070c800000, 0x000000070ca00000|  0%| F|  |TAMS 0x000000070c800000| PB 0x000000070c800000| Untracked 
|  20|0x000000070ca00000, 0x000000070ca00000, 0x000000070cc00000|  0%| F|  |TAMS 0x000000070ca00000| PB 0x000000070ca00000| Untracked 
|  21|0x000000070cc00000, 0x000000070cc00000, 0x000000070ce00000|  0%| F|  |TAMS 0x000000070cc00000| PB 0x000000070cc00000| Untracked 
|  22|0x000000070ce00000, 0x000000070ce00000, 0x000000070d000000|  0%| F|  |TAMS 0x000000070ce00000| PB 0x000000070ce00000| Untracked 
|  23|0x000000070d000000, 0x000000070d000000, 0x000000070d200000|  0%| F|  |TAMS 0x000000070d000000| PB 0x000000070d000000| Untracked 
|  24|0x000000070d200000, 0x000000070d200000, 0x000000070d400000|  0%| F|  |TAMS 0x000000070d200000| PB 0x000000070d200000| Untracked 
|  25|0x000000070d400000, 0x000000070d400000, 0x000000070d600000|  0%| F|  |TAMS 0x000000070d400000| PB 0x000000070d400000| Untracked 
|  26|0x000000070d600000, 0x000000070d600000, 0x000000070d800000|  0%| F|  |TAMS 0x000000070d600000| PB 0x000000070d600000| Untracked 
|  27|0x000000070d800000, 0x000000070d800000, 0x000000070da00000|  0%| F|  |TAMS 0x000000070d800000| PB 0x000000070d800000| Untracked 
|  28|0x000000070da00000, 0x000000070da00000, 0x000000070dc00000|  0%| F|  |TAMS 0x000000070da00000| PB 0x000000070da00000| Untracked 
|  29|0x000000070dc00000, 0x000000070dc00000, 0x000000070de00000|  0%| F|  |TAMS 0x000000070dc00000| PB 0x000000070dc00000| Untracked 
|  30|0x000000070de00000, 0x000000070de00000, 0x000000070e000000|  0%| F|  |TAMS 0x000000070de00000| PB 0x000000070de00000| Untracked 
|  31|0x000000070e000000, 0x000000070e000000, 0x000000070e200000|  0%| F|  |TAMS 0x000000070e000000| PB 0x000000070e000000| Untracked 
|  32|0x000000070e200000, 0x000000070e200000, 0x000000070e400000|  0%| F|  |TAMS 0x000000070e200000| PB 0x000000070e200000| Untracked 
|  33|0x000000070e400000, 0x000000070e400000, 0x000000070e600000|  0%| F|  |TAMS 0x000000070e400000| PB 0x000000070e400000| Untracked 
|  34|0x000000070e600000, 0x000000070e600000, 0x000000070e800000|  0%| F|  |TAMS 0x000000070e600000| PB 0x000000070e600000| Untracked 
|  35|0x000000070e800000, 0x000000070e800000, 0x000000070ea00000|  0%| F|  |TAMS 0x000000070e800000| PB 0x000000070e800000| Untracked 
|  36|0x000000070ea00000, 0x000000070ea00000, 0x000000070ec00000|  0%| F|  |TAMS 0x000000070ea00000| PB 0x000000070ea00000| Untracked 
|  37|0x000000070ec00000, 0x000000070ec00000, 0x000000070ee00000|  0%| F|  |TAMS 0x000000070ec00000| PB 0x000000070ec00000| Untracked 
|  38|0x000000070ee00000, 0x000000070ee00000, 0x000000070f000000|  0%| F|  |TAMS 0x000000070ee00000| PB 0x000000070ee00000| Untracked 
|  39|0x000000070f000000, 0x000000070f000000, 0x000000070f200000|  0%| F|  |TAMS 0x000000070f000000| PB 0x000000070f000000| Untracked 
|  40|0x000000070f200000, 0x000000070f200000, 0x000000070f400000|  0%| F|  |TAMS 0x000000070f200000| PB 0x000000070f200000| Untracked 
|  41|0x000000070f400000, 0x000000070f400000, 0x000000070f600000|  0%| F|  |TAMS 0x000000070f400000| PB 0x000000070f400000| Untracked 
|  42|0x000000070f600000, 0x000000070f600000, 0x000000070f800000|  0%| F|  |TAMS 0x000000070f600000| PB 0x000000070f600000| Untracked 
|  43|0x000000070f800000, 0x000000070f800000, 0x000000070fa00000|  0%| F|  |TAMS 0x000000070f800000| PB 0x000000070f800000| Untracked 
|  44|0x000000070fa00000, 0x000000070fa00000, 0x000000070fc00000|  0%| F|  |TAMS 0x000000070fa00000| PB 0x000000070fa00000| Untracked 
|  45|0x000000070fc00000, 0x000000070fc00000, 0x000000070fe00000|  0%| F|  |TAMS 0x000000070fc00000| PB 0x000000070fc00000| Untracked 
|  46|0x000000070fe00000, 0x000000070fe00000, 0x0000000710000000|  0%| F|  |TAMS 0x000000070fe00000| PB 0x000000070fe00000| Untracked 
|  47|0x0000000710000000, 0x0000000710000000, 0x0000000710200000|  0%| F|  |TAMS 0x0000000710000000| PB 0x0000000710000000| Untracked 
|  48|0x0000000710200000, 0x0000000710200000, 0x0000000710400000|  0%| F|  |TAMS 0x0000000710200000| PB 0x0000000710200000| Untracked 
|  49|0x0000000710400000, 0x0000000710400000, 0x0000000710600000|  0%| F|  |TAMS 0x0000000710400000| PB 0x0000000710400000| Untracked 
|  50|0x0000000710600000, 0x0000000710600000, 0x0000000710800000|  0%| F|  |TAMS 0x0000000710600000| PB 0x0000000710600000| Untracked 
|  51|0x0000000710800000, 0x0000000710800000, 0x0000000710a00000|  0%| F|  |TAMS 0x0000000710800000| PB 0x0000000710800000| Untracked 
|  52|0x0000000710a00000, 0x0000000710a00000, 0x0000000710c00000|  0%| F|  |TAMS 0x0000000710a00000| PB 0x0000000710a00000| Untracked 
|  53|0x0000000710c00000, 0x0000000710c00000, 0x0000000710e00000|  0%| F|  |TAMS 0x0000000710c00000| PB 0x0000000710c00000| Untracked 
|  54|0x0000000710e00000, 0x0000000710e00000, 0x0000000711000000|  0%| F|  |TAMS 0x0000000710e00000| PB 0x0000000710e00000| Untracked 
|  55|0x0000000711000000, 0x0000000711000000, 0x0000000711200000|  0%| F|  |TAMS 0x0000000711000000| PB 0x0000000711000000| Untracked 
|  56|0x0000000711200000, 0x0000000711200000, 0x0000000711400000|  0%| F|  |TAMS 0x0000000711200000| PB 0x0000000711200000| Untracked 
|  57|0x0000000711400000, 0x0000000711400000, 0x0000000711600000|  0%| F|  |TAMS 0x0000000711400000| PB 0x0000000711400000| Untracked 
|  58|0x0000000711600000, 0x0000000711600000, 0x0000000711800000|  0%| F|  |TAMS 0x0000000711600000| PB 0x0000000711600000| Untracked 
|  59|0x0000000711800000, 0x0000000711800000, 0x0000000711a00000|  0%| F|  |TAMS 0x0000000711800000| PB 0x0000000711800000| Untracked 
|  60|0x0000000711a00000, 0x0000000711a00000, 0x0000000711c00000|  0%| F|  |TAMS 0x0000000711a00000| PB 0x0000000711a00000| Untracked 
|  61|0x0000000711c00000, 0x0000000711c00000, 0x0000000711e00000|  0%| F|  |TAMS 0x0000000711c00000| PB 0x0000000711c00000| Untracked 
|  62|0x0000000711e00000, 0x0000000711e00000, 0x0000000712000000|  0%| F|  |TAMS 0x0000000711e00000| PB 0x0000000711e00000| Untracked 
|  63|0x0000000712000000, 0x0000000712000000, 0x0000000712200000|  0%| F|  |TAMS 0x0000000712000000| PB 0x0000000712000000| Untracked 
|  64|0x0000000712200000, 0x0000000712200000, 0x0000000712400000|  0%| F|  |TAMS 0x0000000712200000| PB 0x0000000712200000| Untracked 
|  65|0x0000000712400000, 0x0000000712400000, 0x0000000712600000|  0%| F|  |TAMS 0x0000000712400000| PB 0x0000000712400000| Untracked 
|  66|0x0000000712600000, 0x0000000712600000, 0x0000000712800000|  0%| F|  |TAMS 0x0000000712600000| PB 0x0000000712600000| Untracked 
|  67|0x0000000712800000, 0x0000000712800000, 0x0000000712a00000|  0%| F|  |TAMS 0x0000000712800000| PB 0x0000000712800000| Untracked 
|  68|0x0000000712a00000, 0x0000000712a00000, 0x0000000712c00000|  0%| F|  |TAMS 0x0000000712a00000| PB 0x0000000712a00000| Untracked 
|  69|0x0000000712c00000, 0x0000000712c00000, 0x0000000712e00000|  0%| F|  |TAMS 0x0000000712c00000| PB 0x0000000712c00000| Untracked 
|  70|0x0000000712e00000, 0x0000000712e00000, 0x0000000713000000|  0%| F|  |TAMS 0x0000000712e00000| PB 0x0000000712e00000| Untracked 
|  71|0x0000000713000000, 0x0000000713000000, 0x0000000713200000|  0%| F|  |TAMS 0x0000000713000000| PB 0x0000000713000000| Untracked 
|  72|0x0000000713200000, 0x0000000713200000, 0x0000000713400000|  0%| F|  |TAMS 0x0000000713200000| PB 0x0000000713200000| Untracked 
|  73|0x0000000713400000, 0x0000000713400000, 0x0000000713600000|  0%| F|  |TAMS 0x0000000713400000| PB 0x0000000713400000| Untracked 
|  74|0x0000000713600000, 0x0000000713600000, 0x0000000713800000|  0%| F|  |TAMS 0x0000000713600000| PB 0x0000000713600000| Untracked 
|  75|0x0000000713800000, 0x0000000713800000, 0x0000000713a00000|  0%| F|  |TAMS 0x0000000713800000| PB 0x0000000713800000| Untracked 
|  76|0x0000000713a00000, 0x0000000713a00000, 0x0000000713c00000|  0%| F|  |TAMS 0x0000000713a00000| PB 0x0000000713a00000| Untracked 
|  77|0x0000000713c00000, 0x0000000713c00000, 0x0000000713e00000|  0%| F|  |TAMS 0x0000000713c00000| PB 0x0000000713c00000| Untracked 
|  78|0x0000000713e00000, 0x0000000713e00000, 0x0000000714000000|  0%| F|  |TAMS 0x0000000713e00000| PB 0x0000000713e00000| Untracked 
|  79|0x0000000714000000, 0x0000000714000000, 0x0000000714200000|  0%| F|  |TAMS 0x0000000714000000| PB 0x0000000714000000| Untracked 
|  80|0x0000000714200000, 0x0000000714200000, 0x0000000714400000|  0%| F|  |TAMS 0x0000000714200000| PB 0x0000000714200000| Untracked 
|  81|0x0000000714400000, 0x0000000714400000, 0x0000000714600000|  0%| F|  |TAMS 0x0000000714400000| PB 0x0000000714400000| Untracked 
|  82|0x0000000714600000, 0x0000000714600000, 0x0000000714800000|  0%| F|  |TAMS 0x0000000714600000| PB 0x0000000714600000| Untracked 
|  83|0x0000000714800000, 0x00000007148d0980, 0x0000000714a00000| 40%| S|CS|TAMS 0x0000000714800000| PB 0x0000000714800000| Complete 
|  84|0x0000000714a00000, 0x0000000714a00000, 0x0000000714c00000|  0%| F|  |TAMS 0x0000000714a00000| PB 0x0000000714a00000| Untracked 
|  85|0x0000000714c00000, 0x0000000714c00000, 0x0000000714e00000|  0%| F|  |TAMS 0x0000000714c00000| PB 0x0000000714c00000| Untracked 
|  86|0x0000000714e00000, 0x0000000714e00000, 0x0000000715000000|  0%| F|  |TAMS 0x0000000714e00000| PB 0x0000000714e00000| Untracked 
|  87|0x0000000715000000, 0x0000000715000000, 0x0000000715200000|  0%| F|  |TAMS 0x0000000715000000| PB 0x0000000715000000| Untracked 
|  88|0x0000000715200000, 0x0000000715200000, 0x0000000715400000|  0%| F|  |TAMS 0x0000000715200000| PB 0x0000000715200000| Untracked 
|  89|0x0000000715400000, 0x0000000715400000, 0x0000000715600000|  0%| F|  |TAMS 0x0000000715400000| PB 0x0000000715400000| Untracked 
|  90|0x0000000715600000, 0x0000000715600000, 0x0000000715800000|  0%| F|  |TAMS 0x0000000715600000| PB 0x0000000715600000| Untracked 
|  91|0x0000000715800000, 0x0000000715800000, 0x0000000715a00000|  0%| F|  |TAMS 0x0000000715800000| PB 0x0000000715800000| Untracked 
|  92|0x0000000715a00000, 0x0000000715a00000, 0x0000000715c00000|  0%| F|  |TAMS 0x0000000715a00000| PB 0x0000000715a00000| Untracked 
|  93|0x0000000715c00000, 0x0000000715c00000, 0x0000000715e00000|  0%| F|  |TAMS 0x0000000715c00000| PB 0x0000000715c00000| Untracked 
|  94|0x0000000715e00000, 0x0000000715e00000, 0x0000000716000000|  0%| F|  |TAMS 0x0000000715e00000| PB 0x0000000715e00000| Untracked 
|  95|0x0000000716000000, 0x0000000716000000, 0x0000000716200000|  0%| F|  |TAMS 0x0000000716000000| PB 0x0000000716000000| Untracked 
|  96|0x0000000716200000, 0x0000000716200000, 0x0000000716400000|  0%| F|  |TAMS 0x0000000716200000| PB 0x0000000716200000| Untracked 
|  97|0x0000000716400000, 0x0000000716400000, 0x0000000716600000|  0%| F|  |TAMS 0x0000000716400000| PB 0x0000000716400000| Untracked 
|  98|0x0000000716600000, 0x0000000716600000, 0x0000000716800000|  0%| F|  |TAMS 0x0000000716600000| PB 0x0000000716600000| Untracked 
|  99|0x0000000716800000, 0x0000000716800000, 0x0000000716a00000|  0%| F|  |TAMS 0x0000000716800000| PB 0x0000000716800000| Untracked 
| 100|0x0000000716a00000, 0x0000000716a00000, 0x0000000716c00000|  0%| F|  |TAMS 0x0000000716a00000| PB 0x0000000716a00000| Untracked 
| 101|0x0000000716c00000, 0x0000000716c00000, 0x0000000716e00000|  0%| F|  |TAMS 0x0000000716c00000| PB 0x0000000716c00000| Untracked 
| 102|0x0000000716e00000, 0x0000000716e00000, 0x0000000717000000|  0%| F|  |TAMS 0x0000000716e00000| PB 0x0000000716e00000| Untracked 
| 103|0x0000000717000000, 0x0000000717000000, 0x0000000717200000|  0%| F|  |TAMS 0x0000000717000000| PB 0x0000000717000000| Untracked 
| 104|0x0000000717200000, 0x0000000717200000, 0x0000000717400000|  0%| F|  |TAMS 0x0000000717200000| PB 0x0000000717200000| Untracked 
| 105|0x0000000717400000, 0x0000000717400000, 0x0000000717600000|  0%| F|  |TAMS 0x0000000717400000| PB 0x0000000717400000| Untracked 
| 106|0x0000000717600000, 0x0000000717600000, 0x0000000717800000|  0%| F|  |TAMS 0x0000000717600000| PB 0x0000000717600000| Untracked 
| 107|0x0000000717800000, 0x0000000717800000, 0x0000000717a00000|  0%| F|  |TAMS 0x0000000717800000| PB 0x0000000717800000| Untracked 
| 108|0x0000000717a00000, 0x0000000717a00000, 0x0000000717c00000|  0%| F|  |TAMS 0x0000000717a00000| PB 0x0000000717a00000| Untracked 
| 109|0x0000000717c00000, 0x0000000717c00000, 0x0000000717e00000|  0%| F|  |TAMS 0x0000000717c00000| PB 0x0000000717c00000| Untracked 
| 110|0x0000000717e00000, 0x0000000717e00000, 0x0000000718000000|  0%| F|  |TAMS 0x0000000717e00000| PB 0x0000000717e00000| Untracked 
| 111|0x0000000718000000, 0x0000000718000000, 0x0000000718200000|  0%| F|  |TAMS 0x0000000718000000| PB 0x0000000718000000| Untracked 
| 112|0x0000000718200000, 0x0000000718200000, 0x0000000718400000|  0%| F|  |TAMS 0x0000000718200000| PB 0x0000000718200000| Untracked 
| 113|0x0000000718400000, 0x0000000718400000, 0x0000000718600000|  0%| F|  |TAMS 0x0000000718400000| PB 0x0000000718400000| Untracked 
| 114|0x0000000718600000, 0x0000000718600000, 0x0000000718800000|  0%| F|  |TAMS 0x0000000718600000| PB 0x0000000718600000| Untracked 
| 115|0x0000000718800000, 0x0000000718800000, 0x0000000718a00000|  0%| F|  |TAMS 0x0000000718800000| PB 0x0000000718800000| Untracked 
| 116|0x0000000718a00000, 0x0000000718a00000, 0x0000000718c00000|  0%| F|  |TAMS 0x0000000718a00000| PB 0x0000000718a00000| Untracked 
| 117|0x0000000718c00000, 0x0000000718c00000, 0x0000000718e00000|  0%| F|  |TAMS 0x0000000718c00000| PB 0x0000000718c00000| Untracked 
| 118|0x0000000718e00000, 0x0000000718e00000, 0x0000000719000000|  0%| F|  |TAMS 0x0000000718e00000| PB 0x0000000718e00000| Untracked 
| 119|0x0000000719000000, 0x0000000719000000, 0x0000000719200000|  0%| F|  |TAMS 0x0000000719000000| PB 0x0000000719000000| Untracked 
| 120|0x0000000719200000, 0x0000000719200000, 0x0000000719400000|  0%| F|  |TAMS 0x0000000719200000| PB 0x0000000719200000| Untracked 
| 121|0x0000000719400000, 0x0000000719400000, 0x0000000719600000|  0%| F|  |TAMS 0x0000000719400000| PB 0x0000000719400000| Untracked 
| 122|0x0000000719600000, 0x0000000719600000, 0x0000000719800000|  0%| F|  |TAMS 0x0000000719600000| PB 0x0000000719600000| Untracked 
| 123|0x0000000719800000, 0x0000000719800000, 0x0000000719a00000|  0%| F|  |TAMS 0x0000000719800000| PB 0x0000000719800000| Untracked 
| 124|0x0000000719a00000, 0x0000000719a00000, 0x0000000719c00000|  0%| F|  |TAMS 0x0000000719a00000| PB 0x0000000719a00000| Untracked 
| 125|0x0000000719c00000, 0x0000000719c00000, 0x0000000719e00000|  0%| F|  |TAMS 0x0000000719c00000| PB 0x0000000719c00000| Untracked 
| 126|0x0000000719e00000, 0x0000000719e00000, 0x000000071a000000|  0%| F|  |TAMS 0x0000000719e00000| PB 0x0000000719e00000| Untracked 
| 127|0x000000071a000000, 0x000000071a000000, 0x000000071a200000|  0%| F|  |TAMS 0x000000071a000000| PB 0x000000071a000000| Untracked 
| 128|0x000000071a200000, 0x000000071a200000, 0x000000071a400000|  0%| F|  |TAMS 0x000000071a200000| PB 0x000000071a200000| Untracked 
| 129|0x000000071a400000, 0x000000071a400000, 0x000000071a600000|  0%| F|  |TAMS 0x000000071a400000| PB 0x000000071a400000| Untracked 
| 130|0x000000071a600000, 0x000000071a600000, 0x000000071a800000|  0%| F|  |TAMS 0x000000071a600000| PB 0x000000071a600000| Untracked 
| 131|0x000000071a800000, 0x000000071a800000, 0x000000071aa00000|  0%| F|  |TAMS 0x000000071a800000| PB 0x000000071a800000| Untracked 
| 132|0x000000071aa00000, 0x000000071aa00000, 0x000000071ac00000|  0%| F|  |TAMS 0x000000071aa00000| PB 0x000000071aa00000| Untracked 
| 133|0x000000071ac00000, 0x000000071ac00000, 0x000000071ae00000|  0%| F|  |TAMS 0x000000071ac00000| PB 0x000000071ac00000| Untracked 
| 134|0x000000071ae00000, 0x000000071ae00000, 0x000000071b000000|  0%| F|  |TAMS 0x000000071ae00000| PB 0x000000071ae00000| Untracked 
| 135|0x000000071b000000, 0x000000071b000000, 0x000000071b200000|  0%| F|  |TAMS 0x000000071b000000| PB 0x000000071b000000| Untracked 
| 136|0x000000071b200000, 0x000000071b200000, 0x000000071b400000|  0%| F|  |TAMS 0x000000071b200000| PB 0x000000071b200000| Untracked 
| 137|0x000000071b400000, 0x000000071b400000, 0x000000071b600000|  0%| F|  |TAMS 0x000000071b400000| PB 0x000000071b400000| Untracked 
| 138|0x000000071b600000, 0x000000071b600000, 0x000000071b800000|  0%| F|  |TAMS 0x000000071b600000| PB 0x000000071b600000| Untracked 
| 139|0x000000071b800000, 0x000000071b800000, 0x000000071ba00000|  0%| F|  |TAMS 0x000000071b800000| PB 0x000000071b800000| Untracked 
| 140|0x000000071ba00000, 0x000000071ba00000, 0x000000071bc00000|  0%| F|  |TAMS 0x000000071ba00000| PB 0x000000071ba00000| Untracked 
| 141|0x000000071bc00000, 0x000000071bc00000, 0x000000071be00000|  0%| F|  |TAMS 0x000000071bc00000| PB 0x000000071bc00000| Untracked 
| 142|0x000000071be00000, 0x000000071be00000, 0x000000071c000000|  0%| F|  |TAMS 0x000000071be00000| PB 0x000000071be00000| Untracked 
| 143|0x000000071c000000, 0x000000071c000000, 0x000000071c200000|  0%| F|  |TAMS 0x000000071c000000| PB 0x000000071c000000| Untracked 
| 144|0x000000071c200000, 0x000000071c200000, 0x000000071c400000|  0%| F|  |TAMS 0x000000071c200000| PB 0x000000071c200000| Untracked 
| 145|0x000000071c400000, 0x000000071c400000, 0x000000071c600000|  0%| F|  |TAMS 0x000000071c400000| PB 0x000000071c400000| Untracked 
| 146|0x000000071c600000, 0x000000071c600000, 0x000000071c800000|  0%| F|  |TAMS 0x000000071c600000| PB 0x000000071c600000| Untracked 
| 147|0x000000071c800000, 0x000000071c800000, 0x000000071ca00000|  0%| F|  |TAMS 0x000000071c800000| PB 0x000000071c800000| Untracked 
| 148|0x000000071ca00000, 0x000000071ca00000, 0x000000071cc00000|  0%| F|  |TAMS 0x000000071ca00000| PB 0x000000071ca00000| Untracked 
| 149|0x000000071cc00000, 0x000000071cc00000, 0x000000071ce00000|  0%| F|  |TAMS 0x000000071cc00000| PB 0x000000071cc00000| Untracked 
| 150|0x000000071ce00000, 0x000000071ce00000, 0x000000071d000000|  0%| F|  |TAMS 0x000000071ce00000| PB 0x000000071ce00000| Untracked 
| 151|0x000000071d000000, 0x000000071d000000, 0x000000071d200000|  0%| F|  |TAMS 0x000000071d000000| PB 0x000000071d000000| Untracked 
| 152|0x000000071d200000, 0x000000071d200000, 0x000000071d400000|  0%| F|  |TAMS 0x000000071d200000| PB 0x000000071d200000| Untracked 
| 153|0x000000071d400000, 0x000000071d400000, 0x000000071d600000|  0%| F|  |TAMS 0x000000071d400000| PB 0x000000071d400000| Untracked 
| 154|0x000000071d600000, 0x000000071d600000, 0x000000071d800000|  0%| F|  |TAMS 0x000000071d600000| PB 0x000000071d600000| Untracked 
| 155|0x000000071d800000, 0x000000071d800000, 0x000000071da00000|  0%| F|  |TAMS 0x000000071d800000| PB 0x000000071d800000| Untracked 
| 156|0x000000071da00000, 0x000000071da00000, 0x000000071dc00000|  0%| F|  |TAMS 0x000000071da00000| PB 0x000000071da00000| Untracked 
| 157|0x000000071dc00000, 0x000000071dc00000, 0x000000071de00000|  0%| F|  |TAMS 0x000000071dc00000| PB 0x000000071dc00000| Untracked 
| 158|0x000000071de00000, 0x000000071de00000, 0x000000071e000000|  0%| F|  |TAMS 0x000000071de00000| PB 0x000000071de00000| Untracked 
| 159|0x000000071e000000, 0x000000071e000000, 0x000000071e200000|  0%| F|  |TAMS 0x000000071e000000| PB 0x000000071e000000| Untracked 
| 160|0x000000071e200000, 0x000000071e200000, 0x000000071e400000|  0%| F|  |TAMS 0x000000071e200000| PB 0x000000071e200000| Untracked 
| 161|0x000000071e400000, 0x000000071e400000, 0x000000071e600000|  0%| F|  |TAMS 0x000000071e400000| PB 0x000000071e400000| Untracked 
| 162|0x000000071e600000, 0x000000071e600000, 0x000000071e800000|  0%| F|  |TAMS 0x000000071e600000| PB 0x000000071e600000| Untracked 
| 163|0x000000071e800000, 0x000000071e800000, 0x000000071ea00000|  0%| F|  |TAMS 0x000000071e800000| PB 0x000000071e800000| Untracked 
| 164|0x000000071ea00000, 0x000000071ea00000, 0x000000071ec00000|  0%| F|  |TAMS 0x000000071ea00000| PB 0x000000071ea00000| Untracked 
| 165|0x000000071ec00000, 0x000000071ec00000, 0x000000071ee00000|  0%| F|  |TAMS 0x000000071ec00000| PB 0x000000071ec00000| Untracked 
| 166|0x000000071ee00000, 0x000000071ee00000, 0x000000071f000000|  0%| F|  |TAMS 0x000000071ee00000| PB 0x000000071ee00000| Untracked 
| 167|0x000000071f000000, 0x000000071f000000, 0x000000071f200000|  0%| F|  |TAMS 0x000000071f000000| PB 0x000000071f000000| Untracked 
| 168|0x000000071f200000, 0x000000071f200000, 0x000000071f400000|  0%| F|  |TAMS 0x000000071f200000| PB 0x000000071f200000| Untracked 
| 169|0x000000071f400000, 0x000000071f400000, 0x000000071f600000|  0%| F|  |TAMS 0x000000071f400000| PB 0x000000071f400000| Untracked 
| 170|0x000000071f600000, 0x000000071f600000, 0x000000071f800000|  0%| F|  |TAMS 0x000000071f600000| PB 0x000000071f600000| Untracked 
| 171|0x000000071f800000, 0x000000071f800000, 0x000000071fa00000|  0%| F|  |TAMS 0x000000071f800000| PB 0x000000071f800000| Untracked 
| 172|0x000000071fa00000, 0x000000071fa00000, 0x000000071fc00000|  0%| F|  |TAMS 0x000000071fa00000| PB 0x000000071fa00000| Untracked 
| 173|0x000000071fc00000, 0x000000071fc00000, 0x000000071fe00000|  0%| F|  |TAMS 0x000000071fc00000| PB 0x000000071fc00000| Untracked 
| 174|0x000000071fe00000, 0x000000071fe00000, 0x0000000720000000|  0%| F|  |TAMS 0x000000071fe00000| PB 0x000000071fe00000| Untracked 
| 175|0x0000000720000000, 0x0000000720000000, 0x0000000720200000|  0%| F|  |TAMS 0x0000000720000000| PB 0x0000000720000000| Untracked 
| 176|0x0000000720200000, 0x0000000720200000, 0x0000000720400000|  0%| F|  |TAMS 0x0000000720200000| PB 0x0000000720200000| Untracked 
| 177|0x0000000720400000, 0x0000000720400000, 0x0000000720600000|  0%| F|  |TAMS 0x0000000720400000| PB 0x0000000720400000| Untracked 
| 178|0x0000000720600000, 0x0000000720600000, 0x0000000720800000|  0%| F|  |TAMS 0x0000000720600000| PB 0x0000000720600000| Untracked 
| 179|0x0000000720800000, 0x0000000720800000, 0x0000000720a00000|  0%| F|  |TAMS 0x0000000720800000| PB 0x0000000720800000| Untracked 
| 180|0x0000000720a00000, 0x0000000720a00000, 0x0000000720c00000|  0%| F|  |TAMS 0x0000000720a00000| PB 0x0000000720a00000| Untracked 
| 181|0x0000000720c00000, 0x0000000720c00000, 0x0000000720e00000|  0%| F|  |TAMS 0x0000000720c00000| PB 0x0000000720c00000| Untracked 
| 182|0x0000000720e00000, 0x0000000720e00000, 0x0000000721000000|  0%| F|  |TAMS 0x0000000720e00000| PB 0x0000000720e00000| Untracked 
| 183|0x0000000721000000, 0x0000000721000000, 0x0000000721200000|  0%| F|  |TAMS 0x0000000721000000| PB 0x0000000721000000| Untracked 
| 184|0x0000000721200000, 0x0000000721200000, 0x0000000721400000|  0%| F|  |TAMS 0x0000000721200000| PB 0x0000000721200000| Untracked 
| 185|0x0000000721400000, 0x0000000721400000, 0x0000000721600000|  0%| F|  |TAMS 0x0000000721400000| PB 0x0000000721400000| Untracked 
| 186|0x0000000721600000, 0x0000000721600000, 0x0000000721800000|  0%| F|  |TAMS 0x0000000721600000| PB 0x0000000721600000| Untracked 
| 187|0x0000000721800000, 0x0000000721800000, 0x0000000721a00000|  0%| F|  |TAMS 0x0000000721800000| PB 0x0000000721800000| Untracked 
| 188|0x0000000721a00000, 0x0000000721a00000, 0x0000000721c00000|  0%| F|  |TAMS 0x0000000721a00000| PB 0x0000000721a00000| Untracked 
| 189|0x0000000721c00000, 0x0000000721c00000, 0x0000000721e00000|  0%| F|  |TAMS 0x0000000721c00000| PB 0x0000000721c00000| Untracked 
| 190|0x0000000721e00000, 0x0000000721e00000, 0x0000000722000000|  0%| F|  |TAMS 0x0000000721e00000| PB 0x0000000721e00000| Untracked 
| 191|0x0000000722000000, 0x0000000722000000, 0x0000000722200000|  0%| F|  |TAMS 0x0000000722000000| PB 0x0000000722000000| Untracked 
| 192|0x0000000722200000, 0x0000000722200000, 0x0000000722400000|  0%| F|  |TAMS 0x0000000722200000| PB 0x0000000722200000| Untracked 
| 193|0x0000000722400000, 0x0000000722400000, 0x0000000722600000|  0%| F|  |TAMS 0x0000000722400000| PB 0x0000000722400000| Untracked 
| 194|0x0000000722600000, 0x0000000722600000, 0x0000000722800000|  0%| F|  |TAMS 0x0000000722600000| PB 0x0000000722600000| Untracked 
| 195|0x0000000722800000, 0x0000000722800000, 0x0000000722a00000|  0%| F|  |TAMS 0x0000000722800000| PB 0x0000000722800000| Untracked 
| 196|0x0000000722a00000, 0x0000000722a00000, 0x0000000722c00000|  0%| F|  |TAMS 0x0000000722a00000| PB 0x0000000722a00000| Untracked 
| 197|0x0000000722c00000, 0x0000000722c00000, 0x0000000722e00000|  0%| F|  |TAMS 0x0000000722c00000| PB 0x0000000722c00000| Untracked 
| 198|0x0000000722e00000, 0x0000000722e00000, 0x0000000723000000|  0%| F|  |TAMS 0x0000000722e00000| PB 0x0000000722e00000| Untracked 
| 199|0x0000000723000000, 0x0000000723000000, 0x0000000723200000|  0%| F|  |TAMS 0x0000000723000000| PB 0x0000000723000000| Untracked 
| 200|0x0000000723200000, 0x0000000723200000, 0x0000000723400000|  0%| F|  |TAMS 0x0000000723200000| PB 0x0000000723200000| Untracked 
| 201|0x0000000723400000, 0x0000000723400000, 0x0000000723600000|  0%| F|  |TAMS 0x0000000723400000| PB 0x0000000723400000| Untracked 
| 202|0x0000000723600000, 0x0000000723600000, 0x0000000723800000|  0%| F|  |TAMS 0x0000000723600000| PB 0x0000000723600000| Untracked 
| 203|0x0000000723800000, 0x0000000723800000, 0x0000000723a00000|  0%| F|  |TAMS 0x0000000723800000| PB 0x0000000723800000| Untracked 
| 204|0x0000000723a00000, 0x0000000723a00000, 0x0000000723c00000|  0%| F|  |TAMS 0x0000000723a00000| PB 0x0000000723a00000| Untracked 
| 205|0x0000000723c00000, 0x0000000723c00000, 0x0000000723e00000|  0%| F|  |TAMS 0x0000000723c00000| PB 0x0000000723c00000| Untracked 
| 206|0x0000000723e00000, 0x0000000723e00000, 0x0000000724000000|  0%| F|  |TAMS 0x0000000723e00000| PB 0x0000000723e00000| Untracked 
| 207|0x0000000724000000, 0x0000000724000000, 0x0000000724200000|  0%| F|  |TAMS 0x0000000724000000| PB 0x0000000724000000| Untracked 

Card table byte_map: [0x0000016aa8620000,0x0000016aa8dd0000] _byte_map_base: 0x0000016aa4dcf000

Marking Bits: (CMBitMap*) 0x0000016a902052c0
 Bits: [0x0000016aa8dd0000, 0x0000016aacb48000)

Polling page: 0x0000016a8e0d0000

Metaspace:

Usage:
  Non-class:    708.12 KB used.
      Class:     61.09 KB used.
       Both:    769.22 KB used.

Virtual space:
  Non-class space:       64.00 MB reserved,     768.00 KB (  1%) committed,  1 nodes.
      Class space:        1.00 GB reserved,     128.00 KB ( <1%) committed,  1 nodes.
             Both:        1.06 GB reserved,     896.00 KB ( <1%) committed. 

Chunk freelists:
   Non-Class:  11.96 MB
       Class:  15.73 MB
        Both:  27.69 MB

MaxMetaspaceSize: unlimited
CompressedClassSpaceSize: 1.00 GB
Initial GC threshold: 21.00 MB
Current GC threshold: 21.00 MB
CDS: on
 - commit_granule_bytes: 65536.
 - commit_granule_words: 8192.
 - virtual_space_node_default_size: 8388608.
 - enlarge_chunks_in_place: 1.
 - use_allocation_guard: 0.


Internal statistics:

num_allocs_failed_limit: 0.
num_arena_births: 24.
num_arena_deaths: 0.
num_vsnodes_births: 2.
num_vsnodes_deaths: 0.
num_space_committed: 14.
num_space_uncommitted: 0.
num_chunks_returned_to_freelist: 0.
num_chunks_taken_from_freelist: 30.
num_chunk_merges: 0.
num_chunk_splits: 20.
num_chunks_enlarged: 11.
num_inconsistent_stats: 0.

CodeHeap 'non-profiled nmethods': size=119168Kb used=85Kb max_used=85Kb free=119082Kb
 bounds [0x0000016aa0190000, 0x0000016aa0400000, 0x0000016aa75f0000]
CodeHeap 'profiled nmethods': size=119104Kb used=271Kb max_used=271Kb free=118832Kb
 bounds [0x0000016a985f0000, 0x0000016a98860000, 0x0000016a9fa40000]
CodeHeap 'non-nmethods': size=7488Kb used=1858Kb max_used=1873Kb free=5629Kb
 bounds [0x0000016a9fa40000, 0x0000016a9fcb0000, 0x0000016aa0190000]
 total_blobs=650 nmethods=238 adapters=316
 compilation: enabled
              stopped_count=0, restarted_count=0
 full_count=0

Compilation events (20 events):
Event: 0.075 Thread 0x0000016af50a11a0  226       3       java.lang.System::getSecurityManager (12 bytes)
Event: 0.075 Thread 0x0000016aafb05d20  227       3       java.lang.System::allowSecurityManager (13 bytes)
Event: 0.075 Thread 0x0000016af50a11a0 nmethod 226 0x0000016a9862e490 code [0x0000016a9862e640, 0x0000016a9862e7b0]
Event: 0.075 Thread 0x0000016af50a11a0  228       3       java.lang.String::charAt (25 bytes)
Event: 0.075 Thread 0x0000016aafb05d20 nmethod 227 0x0000016a9862e890 code [0x0000016a9862ea20, 0x0000016a9862eb20]
Event: 0.075 Thread 0x0000016af50a11a0 nmethod 228 0x0000016a9862eb90 code [0x0000016a9862ed80, 0x0000016a9862f2e0]
Event: 0.082 Thread 0x0000016aafaff7b0  230       4       java.lang.String::charAt (25 bytes)
Event: 0.082 Thread 0x0000016aafb05d20  231       3       java.lang.Enum::<init> (15 bytes)
Event: 0.082 Thread 0x0000016aafb05d20 nmethod 231 0x0000016a9862f510 code [0x0000016a9862f6c0, 0x0000016a9862f890]
Event: 0.083 Thread 0x0000016aafaff7b0 nmethod 230 0x0000016aa01a3110 code [0x0000016aa01a32a0, 0x0000016aa01a33d0]
Event: 0.083 Thread 0x0000016aafb05d20  232 %     3       org.akashkamat.string24::HighestRepeatedLetters @ 81 (125 bytes)
Event: 0.084 Thread 0x0000016aafb05d20 nmethod 232% 0x0000016a9862f990 code [0x0000016a9862fcc0, 0x0000016a98631118]
Event: 0.084 Thread 0x0000016aafb05d20  233 %     3       org.akashkamat.string24::HighestRepeatedLetters @ 49 (125 bytes)
Event: 0.085 Thread 0x0000016aafb05d20 nmethod 233% 0x0000016a98631a10 code [0x0000016a98631d40, 0x0000016a98633198]
Event: 0.085 Thread 0x0000016aafaff7b0  236 %     4       org.akashkamat.string24::HighestRepeatedLetters @ 23 (125 bytes)
Event: 0.085 Thread 0x0000016af50a11a0  237       3       java.lang.ref.Reference::<init> (25 bytes)
Event: 0.086 Thread 0x0000016af50a11a0 nmethod 237 0x0000016a98633a90 code [0x0000016a98633c40, 0x0000016a98633ed0]
Event: 0.089 Thread 0x0000016aafaff7b0 nmethod 236% 0x0000016aa01a3b10 code [0x0000016aa01a3ce0, 0x0000016aa01a4268]
Event: 0.089 Thread 0x0000016aafaff7b0  238 %     4       org.akashkamat.string24::HighestRepeatedLetters @ 81 (125 bytes)
Event: 0.095 Thread 0x0000016aafaff7b0 nmethod 238% 0x0000016aa01a4690 code [0x0000016aa01a4880, 0x0000016aa01a5070]

GC Heap History (20 events):
Event: 0.175 GC heap after
{Heap after GC invocations=3 (full 0):
 garbage-first heap   total 251904K, used 888K [0x000000070a200000, 0x0000000800000000)
  region size 2048K, 1 young (2048K), 1 survivors (2048K)
 Metaspace       used 769K, committed 896K, reserved 1114112K
  class space    used 61K, committed 128K, reserved 1048576K
}
Event: 0.209 GC heap before
{Heap before GC invocations=3 (full 0):
 garbage-first heap   total 251904K, used 148344K [0x000000070a200000, 0x0000000800000000)
  region size 2048K, 73 young (149504K), 1 survivors (2048K)
 Metaspace       used 769K, committed 896K, reserved 1114112K
  class space    used 61K, committed 128K, reserved 1048576K
}
Event: 0.211 GC heap after
{Heap after GC invocations=4 (full 0):
 garbage-first heap   total 251904K, used 893K [0x000000070a200000, 0x0000000800000000)
  region size 2048K, 1 young (2048K), 1 survivors (2048K)
 Metaspace       used 769K, committed 896K, reserved 1114112K
  class space    used 61K, committed 128K, reserved 1048576K
}
Event: 0.245 GC heap before
{Heap before GC invocations=4 (full 0):
 garbage-first heap   total 251904K, used 148349K [0x000000070a200000, 0x0000000800000000)
  region size 2048K, 73 young (149504K), 1 survivors (2048K)
 Metaspace       used 769K, committed 896K, reserved 1114112K
  class space    used 61K, committed 128K, reserved 1048576K
}
Event: 0.246 GC heap after
{Heap after GC invocations=5 (full 0):
 garbage-first heap   total 346112K, used 855K [0x000000070a200000, 0x0000000800000000)
  region size 2048K, 1 young (2048K), 1 survivors (2048K)
 Metaspace       used 769K, committed 896K, reserved 1114112K
  class space    used 61K, committed 128K, reserved 1048576K
}
Event: 0.315 GC heap before
{Heap before GC invocations=5 (full 0):
 garbage-first heap   total 346112K, used 205655K [0x000000070a200000, 0x0000000800000000)
  region size 2048K, 101 young (206848K), 1 survivors (2048K)
 Metaspace       used 769K, committed 896K, reserved 1114112K
  class space    used 61K, committed 128K, reserved 1048576K
}
Event: 0.316 GC heap after
{Heap after GC invocations=6 (full 0):
 garbage-first heap   total 346112K, used 846K [0x000000070a200000, 0x0000000800000000)
  region size 2048K, 1 young (2048K), 1 survivors (2048K)
 Metaspace       used 769K, committed 896K, reserved 1114112K
  class space    used 61K, committed 128K, reserved 1048576K
}
Event: 0.364 GC heap before
{Heap before GC invocations=6 (full 0):
 garbage-first heap   total 346112K, used 205646K [0x000000070a200000, 0x0000000800000000)
  region size 2048K, 101 young (206848K), 1 survivors (2048K)
 Metaspace       used 769K, committed 896K, reserved 1114112K
  class space    used 61K, committed 128K, reserved 1048576K
}
Event: 0.366 GC heap after
{Heap after GC invocations=7 (full 0):
 garbage-first heap   total 346112K, used 873K [0x000000070a200000, 0x0000000800000000)
  region size 2048K, 1 young (2048K), 1 survivors (2048K)
 Metaspace       used 769K, committed 896K, reserved 1114112K
  class space    used 61K, committed 128K, reserved 1048576K
}
Event: 0.413 GC heap before
{Heap before GC invocations=7 (full 0):
 garbage-first heap   total 346112K, used 205673K [0x000000070a200000, 0x0000000800000000)
  region size 2048K, 101 young (206848K), 1 survivors (2048K)
 Metaspace       used 769K, committed 896K, reserved 1114112K
  class space    used 61K, committed 128K, reserved 1048576K
}
Event: 0.414 GC heap after
{Heap after GC invocations=8 (full 0):
 garbage-first heap   total 346112K, used 854K [0x000000070a200000, 0x0000000800000000)
  region size 2048K, 1 young (2048K), 1 survivors (2048K)
 Metaspace       used 769K, committed 896K, reserved 1114112K
  class space    used 61K, committed 128K, reserved 1048576K
}
Event: 0.462 GC heap before
{Heap before GC invocations=8 (full 0):
 garbage-first heap   total 346112K, used 205654K [0x000000070a200000, 0x0000000800000000)
  region size 2048K, 101 young (206848K), 1 survivors (2048K)
 Metaspace       used 769K, committed 896K, reserved 1114112K
  class space    used 61K, committed 128K, reserved 1048576K
}
Event: 0.464 GC heap after
{Heap after GC invocations=9 (full 0):
 garbage-first heap   total 425984K, used 864K [0x000000070a200000, 0x0000000800000000)
  region size 2048K, 1 young (2048K), 1 survivors (2048K)
 Metaspace       used 769K, committed 896K, reserved 1114112K
  class space    used 61K, committed 128K, reserved 1048576K
}
Event: 0.544 GC heap before
{Heap before GC invocations=9 (full 0):
 garbage-first heap   total 425984K, used 252768K [0x000000070a200000, 0x0000000800000000)
  region size 2048K, 124 young (253952K), 1 survivors (2048K)
 Metaspace       used 769K, committed 896K, reserved 1114112K
  class space    used 61K, committed 128K, reserved 1048576K
}
Event: 0.546 GC heap after
{Heap after GC invocations=10 (full 0):
 garbage-first heap   total 425984K, used 853K [0x000000070a200000, 0x0000000800000000)
  region size 2048K, 1 young (2048K), 1 survivors (2048K)
 Metaspace       used 769K, committed 896K, reserved 1114112K
  class space    used 61K, committed 128K, reserved 1048576K
}
Event: 0.605 GC heap before
{Heap before GC invocations=10 (full 0):
 garbage-first heap   total 425984K, used 252757K [0x000000070a200000, 0x0000000800000000)
  region size 2048K, 124 young (253952K), 1 survivors (2048K)
 Metaspace       used 769K, committed 896K, reserved 1114112K
  class space    used 61K, committed 128K, reserved 1048576K
}
Event: 0.607 GC heap after
{Heap after GC invocations=11 (full 0):
 garbage-first heap   total 425984K, used 860K [0x000000070a200000, 0x0000000800000000)
  region size 2048K, 1 young (2048K), 1 survivors (2048K)
 Metaspace       used 769K, committed 896K, reserved 1114112K
  class space    used 61K, committed 128K, reserved 1048576K
}
Event: 0.665 GC heap before
{Heap before GC invocations=11 (full 0):
 garbage-first heap   total 425984K, used 252764K [0x000000070a200000, 0x0000000800000000)
  region size 2048K, 124 young (253952K), 1 survivors (2048K)
 Metaspace       used 769K, committed 896K, reserved 1114112K
  class space    used 61K, committed 128K, reserved 1048576K
}
Event: 0.666 GC heap after
{Heap after GC invocations=12 (full 0):
 garbage-first heap   total 425984K, used 858K [0x000000070a200000, 0x0000000800000000)
  region size 2048K, 1 young (2048K), 1 survivors (2048K)
 Metaspace       used 769K, committed 896K, reserved 1114112K
  class space    used 61K, committed 128K, reserved 1048576K
}
Event: 0.725 GC heap before
{Heap before GC invocations=12 (full 0):
 garbage-first heap   total 425984K, used 252762K [0x000000070a200000, 0x0000000800000000)
  region size 2048K, 124 young (253952K), 1 survivors (2048K)
 Metaspace       used 769K, committed 896K, reserved 1114112K
  class space    used 61K, committed 128K, reserved 1048576K
}

Dll operation events (9 events):
Event: 0.006 Loaded shared library C:\Users\kamat\.jdks\openjdk-21.0.1\bin\java.dll
Event: 0.028 Loaded shared library C:\Users\kamat\.jdks\openjdk-21.0.1\bin\jsvml.dll
Event: 0.058 Loaded shared library C:\Users\kamat\.jdks\openjdk-21.0.1\bin\zip.dll
Event: 0.060 Loaded shared library C:\Users\kamat\.jdks\openjdk-21.0.1\bin\instrument.dll
Event: 0.064 Loaded shared library C:\Users\kamat\.jdks\openjdk-21.0.1\bin\net.dll
Event: 0.065 Loaded shared library C:\Users\kamat\.jdks\openjdk-21.0.1\bin\nio.dll
Event: 0.068 Loaded shared library C:\Users\kamat\.jdks\openjdk-21.0.1\bin\zip.dll
Event: 0.074 Loaded shared library C:\Program Files\JetBrains\IntelliJ IDEA Community Edition 2023.3.2\bin\breakgen64.dll
Event: 0.081 Loaded shared library C:\Users\kamat\.jdks\openjdk-21.0.1\bin\extnet.dll

Deoptimization events (6 events):
Event: 0.075 Thread 0x0000016a8df20280 Uncommon trap: trap_request=0xffffff45 fr.pc=0x0000016aa01a2064 relative=0x00000000000000c4
Event: 0.075 Thread 0x0000016a8df20280 Uncommon trap: reason=unstable_if action=reinterpret pc=0x0000016aa01a2064 method=java.lang.String.isLatin1()Z @ 10 c2
Event: 0.075 Thread 0x0000016a8df20280 DEOPT PACKING pc=0x0000016aa01a2064 sp=0x0000001d1e9fedf0
Event: 0.075 Thread 0x0000016a8df20280 DEOPT UNPACKING pc=0x0000016a9fa946a2 sp=0x0000001d1e9fed30 mode 2
Event: 0.089 Thread 0x0000016a8df20280 DEOPT PACKING pc=0x0000016a98630de7 sp=0x0000001d1e9ff180
Event: 0.089 Thread 0x0000016a8df20280 DEOPT UNPACKING pc=0x0000016a9fa94e42 sp=0x0000001d1e9fe6d8 mode 0

Classes loaded (20 events):
Event: 0.084 Loading class sun/nio/ch/NativeThread
Event: 0.084 Loading class sun/nio/ch/NativeThread done
Event: 0.084 Loading class java/io/BufferedReader
Event: 0.084 Loading class java/io/BufferedReader done
Event: 0.084 Loading class java/net/Socket$SocketInputStream
Event: 0.084 Loading class java/net/Socket$SocketInputStream done
Event: 0.085 Loading class sun/nio/ch/NioSocketImpl$1
Event: 0.085 Loading class sun/nio/ch/NioSocketImpl$1 done
Event: 0.085 Loading class sun/nio/cs/StreamDecoder
Event: 0.085 Loading class sun/nio/cs/StreamDecoder done
Event: 0.085 Loading class sun/nio/cs/US_ASCII$Decoder
Event: 0.085 Loading class sun/nio/cs/US_ASCII$Decoder done
Event: 0.085 Loading class sun/nio/ch/Util
Event: 0.085 Loading class sun/nio/ch/Util done
Event: 0.085 Loading class sun/nio/ch/Util$1
Event: 0.085 Loading class sun/nio/ch/Util$1 done
Event: 0.085 Loading class sun/nio/ch/Util$BufferCache
Event: 0.085 Loading class sun/nio/ch/Util$BufferCache done
Event: 0.086 Loading class java/nio/DirectByteBuffer$Deallocator
Event: 0.086 Loading class java/nio/DirectByteBuffer$Deallocator done

Classes unloaded (0 events):
No events

Classes redefined (0 events):
No events

Internal exceptions (3 events):
Event: 0.069 Thread 0x0000016a8df20280 Exception <a 'java/lang/NoSuchMethodError'{0x00000007195374e8}: 'void java.lang.invoke.DirectMethodHandle$Holder.invokeStatic(java.lang.Object, java.lang.Object, java.lang.Object)'> (0x00000007195374e8) 
thrown [s\open\src\hotspot\share\interpreter\linkResolver.cpp, line 773]
Event: 0.072 Thread 0x0000016a8df20280 Exception <a 'java/lang/NoSuchMethodError'{0x000000071954e9f0}: 'java.lang.Object java.lang.invoke.Invokers$Holder.invokeExact_MT(java.lang.Object, java.lang.Object, java.lang.Object, java.lang.Object, java.lang.Object)'> (0x000000071954e9f0) 
thrown [s\open\src\hotspot\share\interpreter\linkResolver.cpp, line 773]
Event: 0.081 Thread 0x0000016aafaf55c0 Exception <a 'java/lang/NoSuchMethodError'{0x00000007195cb868}: 'void java.lang.invoke.DirectMethodHandle$Holder.invokeStatic(java.lang.Object, java.lang.Object)'> (0x00000007195cb868) 
thrown [s\open\src\hotspot\share\interpreter\linkResolver.cpp, line 773]

ZGC Phase Switch (0 events):
No events

VM Operations (20 events):
Event: 0.175 Executing VM operation: G1CollectForAllocation (G1 Evacuation Pause) done
Event: 0.209 Executing VM operation: G1CollectForAllocation (G1 Evacuation Pause)
Event: 0.211 Executing VM operation: G1CollectForAllocation (G1 Evacuation Pause) done
Event: 0.245 Executing VM operation: G1CollectForAllocation (G1 Evacuation Pause)
Event: 0.246 Executing VM operation: G1CollectForAllocation (G1 Evacuation Pause) done
Event: 0.315 Executing VM operation: G1CollectForAllocation (G1 Evacuation Pause)
Event: 0.317 Executing VM operation: G1CollectForAllocation (G1 Evacuation Pause) done
Event: 0.364 Executing VM operation: G1CollectForAllocation (G1 Evacuation Pause)
Event: 0.366 Executing VM operation: G1CollectForAllocation (G1 Evacuation Pause) done
Event: 0.413 Executing VM operation: G1CollectForAllocation (G1 Evacuation Pause)
Event: 0.414 Executing VM operation: G1CollectForAllocation (G1 Evacuation Pause) done
Event: 0.462 Executing VM operation: G1CollectForAllocation (G1 Evacuation Pause)
Event: 0.464 Executing VM operation: G1CollectForAllocation (G1 Evacuation Pause) done
Event: 0.544 Executing VM operation: G1CollectForAllocation (G1 Evacuation Pause)
Event: 0.546 Executing VM operation: G1CollectForAllocation (G1 Evacuation Pause) done
Event: 0.605 Executing VM operation: G1CollectForAllocation (G1 Evacuation Pause)
Event: 0.607 Executing VM operation: G1CollectForAllocation (G1 Evacuation Pause) done
Event: 0.665 Executing VM operation: G1CollectForAllocation (G1 Evacuation Pause)
Event: 0.666 Executing VM operation: G1CollectForAllocation (G1 Evacuation Pause) done
Event: 0.725 Executing VM operation: G1CollectForAllocation (G1 Evacuation Pause)

Events (13 events):
Event: 0.016 Thread 0x0000016a8df20280 Thread added: 0x0000016a8df20280
Event: 0.027 Thread 0x0000016aafae9d70 Thread added: 0x0000016aafae9d70
Event: 0.027 Thread 0x0000016aafaeaa90 Thread added: 0x0000016aafaeaa90
Event: 0.027 Thread 0x0000016aafaed080 Thread added: 0x0000016aafaed080
Event: 0.027 Thread 0x0000016aafaedd40 Thread added: 0x0000016aafaedd40
Event: 0.027 Thread 0x0000016aafaf0d30 Thread added: 0x0000016aafaf0d30
Event: 0.027 Thread 0x0000016aafaf34f0 Thread added: 0x0000016aafaf34f0
Event: 0.027 Thread 0x0000016aafaff7b0 Thread added: 0x0000016aafaff7b0
Event: 0.027 Thread 0x0000016aafb05d20 Thread added: 0x0000016aafb05d20
Event: 0.032 Thread 0x0000016af50a11a0 Thread added: 0x0000016af50a11a0
Event: 0.044 Thread 0x0000016aafaf2e60 Thread added: 0x0000016aafaf2e60
Event: 0.075 Thread 0x0000016aafaf55c0 Thread added: 0x0000016aafaf55c0
Event: 0.075 Thread 0x0000016aafaf48a0 Thread added: 0x0000016aafaf48a0


Dynamic libraries:
0x00007ff6af710000 - 0x00007ff6af71e000 	C:\Users\kamat\.jdks\openjdk-21.0.1\bin\java.exe
0x00007ffcda870000 - 0x00007ffcdaa87000 	C:\WINDOWS\SYSTEM32\ntdll.dll
0x00007ffcd8bf0000 - 0x00007ffcd8cb4000 	C:\WINDOWS\System32\KERNEL32.DLL
0x00007ffcd7fb0000 - 0x00007ffcd8355000 	C:\WINDOWS\System32\KERNELBASE.dll
0x00007ffcd7be0000 - 0x00007ffcd7cf1000 	C:\WINDOWS\System32\ucrtbase.dll
0x00007ffcceb00000 - 0x00007ffcceb18000 	C:\Users\kamat\.jdks\openjdk-21.0.1\bin\jli.dll
0x00007ffccec50000 - 0x00007ffccec6b000 	C:\Users\kamat\.jdks\openjdk-21.0.1\bin\VCRUNTIME140.dll
0x00007ffcd9d90000 - 0x00007ffcd9f3e000 	C:\WINDOWS\System32\USER32.dll
0x00007ffcd7e10000 - 0x00007ffcd7e36000 	C:\WINDOWS\System32\win32u.dll
0x00007ffcc0740000 - 0x00007ffcc09d3000 	C:\WINDOWS\WinSxS\amd64_microsoft.windows.common-controls_6595b64144ccf1df_6.0.22621.2506_none_270c5ae97388e100\COMCTL32.dll
0x00007ffcd9ca0000 - 0x00007ffcd9cc9000 	C:\WINDOWS\System32\GDI32.dll
0x00007ffcd8a70000 - 0x00007ffcd8b17000 	C:\WINDOWS\System32\msvcrt.dll
0x00007ffcd83e0000 - 0x00007ffcd84f9000 	C:\WINDOWS\System32\gdi32full.dll
0x00007ffcd7d70000 - 0x00007ffcd7e0a000 	C:\WINDOWS\System32\msvcp_win.dll
0x00007ffcd90a0000 - 0x00007ffcd90d1000 	C:\WINDOWS\System32\IMM32.DLL
0x00007ffcd5190000 - 0x00007ffcd519c000 	C:\Users\kamat\.jdks\openjdk-21.0.1\bin\vcruntime140_1.dll
0x00007ffcc39a0000 - 0x00007ffcc3a2e000 	C:\Users\kamat\.jdks\openjdk-21.0.1\bin\msvcp140.dll
0x00007ffc90160000 - 0x00007ffc90e75000 	C:\Users\kamat\.jdks\openjdk-21.0.1\bin\server\jvm.dll
0x00007ffcd9cd0000 - 0x00007ffcd9d81000 	C:\WINDOWS\System32\ADVAPI32.dll
0x00007ffcd9f50000 - 0x00007ffcd9ff6000 	C:\WINDOWS\System32\sechost.dll
0x00007ffcd9940000 - 0x00007ffcd9a57000 	C:\WINDOWS\System32\RPCRT4.dll
0x00007ffcd9a60000 - 0x00007ffcd9ad1000 	C:\WINDOWS\System32\WS2_32.dll
0x00007ffcd6a30000 - 0x00007ffcd6a7d000 	C:\WINDOWS\SYSTEM32\POWRPROF.dll
0x00007ffcd1580000 - 0x00007ffcd15b4000 	C:\WINDOWS\SYSTEM32\WINMM.dll
0x00007ffcd4f70000 - 0x00007ffcd4f7a000 	C:\WINDOWS\SYSTEM32\VERSION.dll
0x00007ffcd6a10000 - 0x00007ffcd6a23000 	C:\WINDOWS\SYSTEM32\UMPDC.dll
0x00007ffcd6c70000 - 0x00007ffcd6c88000 	C:\WINDOWS\SYSTEM32\kernel.appcore.dll
0x00007ffccf430000 - 0x00007ffccf43a000 	C:\Users\kamat\.jdks\openjdk-21.0.1\bin\jimage.dll
0x00007ffccf050000 - 0x00007ffccf283000 	C:\WINDOWS\SYSTEM32\DBGHELP.DLL
0x00007ffcd8d10000 - 0x00007ffcd9099000 	C:\WINDOWS\System32\combase.dll
0x00007ffcd8730000 - 0x00007ffcd8807000 	C:\WINDOWS\System32\OLEAUT32.dll
0x00007ffccf010000 - 0x00007ffccf042000 	C:\WINDOWS\SYSTEM32\dbgcore.DLL
0x00007ffcd8360000 - 0x00007ffcd83da000 	C:\WINDOWS\System32\bcryptPrimitives.dll
0x00007ffccefe0000 - 0x00007ffccefef000 	C:\Users\kamat\.jdks\openjdk-21.0.1\bin\instrument.dll
0x00007ffcceae0000 - 0x00007ffcceaff000 	C:\Users\kamat\.jdks\openjdk-21.0.1\bin\java.dll
0x00007ffcd90e0000 - 0x00007ffcd9939000 	C:\WINDOWS\System32\SHELL32.dll
0x00007ffcd5b10000 - 0x00007ffcd6404000 	C:\WINDOWS\SYSTEM32\windows.storage.dll
0x00007ffcd59d0000 - 0x00007ffcd5b0e000 	C:\WINDOWS\SYSTEM32\wintypes.dll
0x00007ffcda720000 - 0x00007ffcda813000 	C:\WINDOWS\System32\SHCORE.dll
0x00007ffcd8b20000 - 0x00007ffcd8b7e000 	C:\WINDOWS\System32\shlwapi.dll
0x00007ffcd7b10000 - 0x00007ffcd7b36000 	C:\WINDOWS\SYSTEM32\profapi.dll
0x00007ffcba530000 - 0x00007ffcba607000 	C:\Users\kamat\.jdks\openjdk-21.0.1\bin\jsvml.dll
0x00007ffccd370000 - 0x00007ffccd388000 	C:\Users\kamat\.jdks\openjdk-21.0.1\bin\zip.dll
0x00007ffccdd10000 - 0x00007ffccdd20000 	C:\Users\kamat\.jdks\openjdk-21.0.1\bin\net.dll
0x00007ffcce2a0000 - 0x00007ffcce3d7000 	C:\WINDOWS\SYSTEM32\WINHTTP.dll
0x00007ffcd7150000 - 0x00007ffcd71b9000 	C:\WINDOWS\system32\mswsock.dll
0x00007ffccad70000 - 0x00007ffccad86000 	C:\Users\kamat\.jdks\openjdk-21.0.1\bin\nio.dll
0x00007ffcba910000 - 0x00007ffcba92a000 	C:\Program Files\JetBrains\IntelliJ IDEA Community Edition 2023.3.2\bin\breakgen64.dll
0x00007ffccd360000 - 0x00007ffccd367000 	C:\Users\kamat\.jdks\openjdk-21.0.1\bin\extnet.dll

dbghelp: loaded successfully - version: 4.0.5 - missing functions: none
symbol engine: initialized successfully - sym options: 0x614 - pdb path: .;C:\Users\kamat\.jdks\openjdk-21.0.1\bin;C:\WINDOWS\SYSTEM32;C:\WINDOWS\WinSxS\amd64_microsoft.windows.common-controls_6595b64144ccf1df_6.0.22621.2506_none_270c5ae97388e100;C:\Users\kamat\.jdks\openjdk-21.0.1\bin\server;C:\Program Files\JetBrains\IntelliJ IDEA Community Edition 2023.3.2\bin

VM Arguments:
jvm_args: -javaagent:C:\Program Files\JetBrains\IntelliJ IDEA Community Edition 2023.3.2\lib\idea_rt.jar=51421:C:\Program Files\JetBrains\IntelliJ IDEA Community Edition 2023.3.2\bin -Dfile.encoding=UTF-8 -Dsun.stdout.encoding=UTF-8 -Dsun.stderr.encoding=UTF-8 
java_command: org.akashkamat.string24
java_class_path (initial): D:\Desktop\StrivertcsnqtSheet\target\classes
Launcher Type: SUN_STANDARD

[Global flags]
     intx CICompilerCount                          = 12                                        {product} {ergonomic}
     uint ConcGCThreads                            = 3                                         {product} {ergonomic}
     uint G1ConcRefinementThreads                  = 13                                        {product} {ergonomic}
   size_t G1HeapRegionSize                         = 2097152                                   {product} {ergonomic}
    uintx GCDrainStackTargetSize                   = 64                                        {product} {ergonomic}
   size_t InitialHeapSize                          = 257949696                                 {product} {ergonomic}
   size_t MarkStackSize                            = 4194304                                   {product} {ergonomic}
   size_t MaxHeapSize                              = 4125097984                                {product} {ergonomic}
   size_t MaxNewSize                               = 2474639360                                {product} {ergonomic}
   size_t MinHeapDeltaBytes                        = 2097152                                   {product} {ergonomic}
   size_t MinHeapSize                              = 8388608                                   {product} {ergonomic}
    uintx NonNMethodCodeHeapSize                   = 7602480                                {pd product} {ergonomic}
    uintx NonProfiledCodeHeapSize                  = 122027880                              {pd product} {ergonomic}
    uintx ProfiledCodeHeapSize                     = 122027880                              {pd product} {ergonomic}
    uintx ReservedCodeCacheSize                    = 251658240                              {pd product} {ergonomic}
     bool SegmentedCodeCache                       = true                                      {product} {ergonomic}
   size_t SoftMaxHeapSize                          = 4125097984                             {manageable} {ergonomic}
     bool UseCompressedOops                        = true                           {product lp64_product} {ergonomic}
     bool UseG1GC                                  = true                                      {product} {ergonomic}
     bool UseLargePagesIndividualAllocation        = false                                  {pd product} {ergonomic}

Logging:
Log output configuration:
 #0: stdout all=warning uptime,level,tags foldmultilines=false
 #1: stderr all=off uptime,level,tags foldmultilines=false

Environment Variables:
JAVA_HOME=C:\Program Files\Java\jdk-17.0.1
PATH=C:\Program Files\Common Files\Oracle\Java\javapath;C:\windows\system32;C:\windows;C:\windows\System32\Wbem;C:\windows\System32\WindowsPowerShell\v1.0\;C:\windows\System32\OpenSSH\;C:\Program Files (x86)\NVIDIA Corporation\PhysX\Common;C:\Program Files\NVIDIA Corporation\NVIDIA NvDLISR;C:\MinGW\bin;C:\Program Files\Java\jdk-17.0.1\bin;C:\WINDOWS\system32;C:\WINDOWS;C:\WINDOWS\System32\Wbem;C:\WINDOWS\System32\WindowsPowerShell\v1.0\;C:\WINDOWS\System32\OpenSSH\;C:\Program Files (x86)\Microchip\MPLAB C32 Suite\bin;C:\Program Files\Microchip\xc8\v2.36\bin;C:\Program Files\nodejs\;C:\Program Files\Git\cmd;C:\maven\apache-maven-3.9.6\bin;C:\Users\kamat\AppData\Local\Programs\Python\Python310\Scripts\;C:\Users\kamat\AppData\Local\Programs\Python\Python310\;C:\Program Files (x86)\Microchip\mplabc18\v3.47\mpasm;C:\Program Files (x86)\Microchip\mplabc18\v3.47\bin;C:\Users\kamat\AppData\Local\Microsoft\WindowsApps;C:\Users\kamat\AppData\Local\Programs\Microsoft VS Code\bin;C:\Program Files\JetBrains\IntelliJ IDEA Community Edition 2021.3.1\bin;C:\Users\kamat\AppData\Roaming\npm;C:\Program Files\JetBrains\IntelliJ IDEA Community Edition 2023.3.2\bin;;C:\Users\kamat\AppData\Local\Microsoft\WindowsApps;
USERNAME=kamat
OS=Windows_NT
PROCESSOR_IDENTIFIER=AMD64 Family 23 Model 96 Stepping 1, AuthenticAMD
TMP=C:\Users\kamat\AppData\Local\Temp
TEMP=C:\Users\kamat\AppData\Local\Temp




Periodic native trim disabled

---------------  S Y S T E M  ---------------

OS:
 Windows 11 , 64 bit Build 22621 (10.0.22621.2506)
OS uptime: 0 days 2:04 hours

CPU: total 16 (initial active 16) (16 cores per cpu, 2 threads per core) family 23 model 96 stepping 1 microcode 0x0, cx8, cmov, fxsr, ht, mmx, 3dnowpref, sse, sse2, sse3, ssse3, sse4a, sse4.1, sse4.2, popcnt, lzcnt, tsc, tscinvbit, avx, avx2, aes, clmul, bmi1, bmi2, adx, sha, fma, vzeroupper, clflush, clflushopt, rdtscp, rdpid, f16c
Processor Information for all 16 processors :
  Max Mhz: 2900, Current Mhz: 2900, Mhz Limit: 2900

Memory: 4k page, system-wide physical 15732M (7618M free)
TotalPageFile size 21732M (AvailPageFile size 33M)
current process WorkingSet (physical memory assigned to process): 357M, peak: 357M
current process commit charge ("private bytes"): 516M, peak: 600M

vm_info: OpenJDK 64-Bit Server VM (21.0.1+12-29) for windows-amd64 JRE (21.0.1+12-29), built on 2023-10-05T13:27:09Z by "mach5one" with MS VC++ 17.1 (VS2022)

END.
